1545185789835	mozrunner::runner	INFO	Running command: "/usr/bin/firefox" "-marionette" "-foreground" "-no-remote" "-profile" "/tmp/rust_mozprofile.hEFTfpvBonpg"
1545185790558	addons.webextension.screenshots@mozilla.org	WARN	Loading extension 'screenshots@mozilla.org': Reading manifest: Invalid host permission: resource://pdf.js/
1545185790559	addons.webextension.screenshots@mozilla.org	WARN	Loading extension 'screenshots@mozilla.org': Reading manifest: Invalid host permission: about:reader*

(firefox:1918): LIBDBUSMENU-GLIB-WARNING **: 21:16:32.263: Unable to get session bus: Failed to execute child process ?dbus-launch? (No such file or directory)
1545185793841	Marionette	INFO	Listening on port 46081
1545185793864	Marionette	WARN	TLS certificate errors will be ignored for this session
1545185795902	Marionette	INFO	Stopped listening on port 46081
1545185893026	mozrunner::runner	INFO	Running command: "/usr/bin/firefox" "-marionette" "-foreground" "-no-remote" "-profile" "/tmp/rust_mozprofile.WcA023zrNFNy"
1545185893808	addons.webextension.screenshots@mozilla.org	WARN	Loading extension 'screenshots@mozilla.org': Reading manifest: Invalid host permission: resource://pdf.js/
1545185893808	addons.webextension.screenshots@mozilla.org	WARN	Loading extension 'screenshots@mozilla.org': Reading manifest: Invalid host permission: about:reader*

(firefox:2151): LIBDBUSMENU-GLIB-WARNING **: 21:18:15.517: Unable to get session bus: Failed to execute child process ?dbus-launch? (No such file or directory)
1545185897010	Marionette	INFO	Listening on port 34827
1545185897101	Marionette	WARN	TLS certificate errors will be ignored for this session
1545185899557	Marionette	INFO	Stopped listening on port 34827
1545186049544	mozrunner::runner	INFO	Running command: "/usr/bin/firefox" "-marionette" "-foreground" "-no-remote" "-profile" "/tmp/rust_mozprofile.aKbpiE1w3vLp"
1545186050260	addons.webextension.screenshots@mozilla.org	WARN	Loading extension 'screenshots@mozilla.org': Reading manifest: Invalid host permission: resource://pdf.js/
1545186050260	addons.webextension.screenshots@mozilla.org	WARN	Loading extension 'screenshots@mozilla.org': Reading manifest: Invalid host permission: about:reader*

(firefox:2394): LIBDBUSMENU-GLIB-WARNING **: 21:20:51.889: Unable to get session bus: Failed to execute child process ?dbus-launch? (No such file or directory)
1545186053053	Marionette	INFO	Listening on port 44023
1545186053150	Marionette	WARN	TLS certificate errors will be ignored for this session
1545186054805	Marionette	INFO	Stopped listening on port 44023
1545186145833	mozrunner::runner	INFO	Running command: "/usr/bin/firefox" "-marionette" "-foreground" "-no-remote" "-profile" "/tmp/rust_mozprofile.UIXGmXzhH6vo"
1545186146519	addons.webextension.screenshots@mozilla.org	WARN	Loading extension 'screenshots@mozilla.org': Reading manifest: Invalid host permission: resource://pdf.js/
1545186146520	addons.webextension.screenshots@mozilla.org	WARN	Loading extension 'screenshots@mozilla.org': Reading manifest: Invalid host permission: about:reader*

(firefox:2626): LIBDBUSMENU-GLIB-WARNING **: 21:22:28.190: Unable to get session bus: Failed to execute child process ?dbus-launch? (No such file or directory)
1545186149622	Marionette	INFO	Listening on port 46222
1545186149646	Marionette	WARN	TLS certificate errors will be ignored for this session
1545186151099	Marionette	INFO	Stopped listening on port 46222
1545186182723	mozrunner::runner	INFO	Running command: "/usr/bin/firefox" "-marionette" "-foreground" "-no-remote" "-profile" "/tmp/rust_mozprofile.xrXIRON17mGx"
1545186183452	addons.webextension.screenshots@mozilla.org	WARN	Loading extension 'screenshots@mozilla.org': Reading manifest: Invalid host permission: resource://pdf.js/
1545186183452	addons.webextension.screenshots@mozilla.org	WARN	Loading extension 'screenshots@mozilla.org': Reading manifest: Invalid host permission: about:reader*

(firefox:2860): LIBDBUSMENU-GLIB-WARNING **: 21:23:05.098: Unable to get session bus: Failed to execute child process ?dbus-launch? (No such file or directory)
1545186186649	Marionette	INFO	Listening on port 46613
1545186186739	Marionette	WARN	TLS certificate errors will be ignored for this session
1545186193590	Marionette	INFO	Stopped listening on port 46613
1545186229423	mozrunner::runner	INFO	Running command: "/usr/bin/firefox" "-marionette" "-foreground" "-no-remote" "-profile" "/tmp/rust_mozprofile.krn7fwebr0fy"
1545186230211	addons.webextension.screenshots@mozilla.org	WARN	Loading extension 'screenshots@mozilla.org': Reading manifest: Invalid host permission: resource://pdf.js/
1545186230211	addons.webextension.screenshots@mozilla.org	WARN	Loading extension 'screenshots@mozilla.org': Reading manifest: Invalid host permission: about:reader*

(firefox:3098): LIBDBUSMENU-GLIB-WARNING **: 21:23:51.863: Unable to get session bus: Failed to execute child process ?dbus-launch? (No such file or directory)
1545186233005	Marionette	INFO	Listening on port 46173
1545186233125	Marionette	WARN	TLS certificate errors will be ignored for this session
1545186240716	Marionette	INFO	Stopped listening on port 46173
1545186525623	mozrunner::runner	INFO	Running command: "/usr/bin/firefox" "-marionette" "-foreground" "-no-remote" "-profile" "/tmp/rust_mozprofile.Y4vILF6ia4eq"
1545186526330	addons.webextension.screenshots@mozilla.org	WARN	Loading extension 'screenshots@mozilla.org': Reading manifest: Invalid host permission: resource://pdf.js/
1545186526331	addons.webextension.screenshots@mozilla.org	WARN	Loading extension 'screenshots@mozilla.org': Reading manifest: Invalid host permission: about:reader*

(firefox:3386): LIBDBUSMENU-GLIB-WARNING **: 21:28:47.990: Unable to get session bus: Failed to execute child process ?dbus-launch? (No such file or directory)
1545186530138	Marionette	INFO	Listening on port 43313
1545186530148	Marionette	WARN	TLS certificate errors will be ignored for this session
1545186533660	Marionette	INFO	Stopped listening on port 43313
1545186715220	mozrunner::runner	INFO	Running command: "/usr/bin/firefox" "-marionette" "-foreground" "-no-remote" "-profile" "/tmp/rust_mozprofile.UuMlWAV5FkVa"
1545186715923	addons.webextension.screenshots@mozilla.org	WARN	Loading extension 'screenshots@mozilla.org': Reading manifest: Invalid host permission: resource://pdf.js/
1545186715924	addons.webextension.screenshots@mozilla.org	WARN	Loading extension 'screenshots@mozilla.org': Reading manifest: Invalid host permission: about:reader*

(firefox:3631): LIBDBUSMENU-GLIB-WARNING **: 21:31:57.907: Unable to get session bus: Failed to execute child process ?dbus-launch? (No such file or directory)
1545186718938	Marionette	INFO	Listening on port 38856
1545186719101	Marionette	WARN	TLS certificate errors will be ignored for this session
1545186720709	Marionette	INFO	Stopped listening on port 38856
1545186798466	mozrunner::runner	INFO	Running command: "/usr/bin/firefox" "-marionette" "-foreground" "-no-remote" "-profile" "/tmp/rust_mozprofile.b6jdclog2K8u"
1545186799154	addons.webextension.screenshots@mozilla.org	WARN	Loading extension 'screenshots@mozilla.org': Reading manifest: Invalid host permission: resource://pdf.js/
1545186799154	addons.webextension.screenshots@mozilla.org	WARN	Loading extension 'screenshots@mozilla.org': Reading manifest: Invalid host permission: about:reader*

(firefox:3874): LIBDBUSMENU-GLIB-WARNING **: 21:33:20.794: Unable to get session bus: Failed to execute child process ?dbus-launch? (No such file or directory)
1545186802317	Marionette	INFO	Listening on port 33666
1545186802425	Marionette	WARN	TLS certificate errors will be ignored for this session
1545186803805	Marionette	INFO	Stopped listening on port 33666
1545186923049	mozrunner::runner	INFO	Running command: "/usr/bin/firefox" "-marionette" "-foreground" "-no-remote" "-profile" "/tmp/rust_mozprofile.A5whBHiKQ967"
1545186923756	addons.webextension.screenshots@mozilla.org	WARN	Loading extension 'screenshots@mozilla.org': Reading manifest: Invalid host permission: resource://pdf.js/
1545186923757	addons.webextension.screenshots@mozilla.org	WARN	Loading extension 'screenshots@mozilla.org': Reading manifest: Invalid host permission: about:reader*

(firefox:4098): LIBDBUSMENU-GLIB-WARNING **: 21:35:25.420: Unable to get session bus: Failed to execute child process ?dbus-launch? (No such file or directory)
1545186926924	Marionette	INFO	Listening on port 37456
1545186927004	Marionette	WARN	TLS certificate errors will be ignored for this session
1545186933083	Marionette	INFO	Stopped listening on port 37456
1545189333441	mozrunner::runner	INFO	Running command: "/usr/bin/firefox" "-marionette" "-foreground" "-no-remote" "-profile" "/tmp/rust_mozprofile.d0YVfdjAsXym"
1545189334154	addons.webextension.screenshots@mozilla.org	WARN	Loading extension 'screenshots@mozilla.org': Reading manifest: Invalid host permission: resource://pdf.js/
1545189334155	addons.webextension.screenshots@mozilla.org	WARN	Loading extension 'screenshots@mozilla.org': Reading manifest: Invalid host permission: about:reader*

(firefox:4995): LIBDBUSMENU-GLIB-WARNING **: 22:15:35.857: Unable to get session bus: Failed to execute child process ?dbus-launch? (No such file or directory)
1545189337290	Marionette	INFO	Listening on port 41272
1545189337350	Marionette	WARN	TLS certificate errors will be ignored for this session
1545189341490	Marionette	INFO	Stopped listening on port 41272
1545192107565	mozrunner::runner	INFO	Running command: "/usr/bin/firefox" "-marionette" "-foreground" "-no-remote" "-profile" "/tmp/rust_mozprofile.JcypaSVLgc6q"
1545192108256	addons.webextension.screenshots@mozilla.org	WARN	Loading extension 'screenshots@mozilla.org': Reading manifest: Invalid host permission: resource://pdf.js/
1545192108257	addons.webextension.screenshots@mozilla.org	WARN	Loading extension 'screenshots@mozilla.org': Reading manifest: Invalid host permission: about:reader*

(firefox:5874): LIBDBUSMENU-GLIB-WARNING **: 23:01:50.018: Unable to get session bus: Failed to execute child process ?dbus-launch? (No such file or directory)
1545192111355	Marionette	INFO	Listening on port 33212
1545192111436	Marionette	WARN	TLS certificate errors will be ignored for this session
1545192119161	Marionette	INFO	Stopped listening on port 33212
1545196590006	mozrunner::runner	INFO	Running command: "/usr/bin/firefox" "-marionette" "-foreground" "-no-remote" "-profile" "/tmp/rust_mozprofile.DktMGBjoQHPH"
1545196590707	addons.webextension.screenshots@mozilla.org	WARN	Loading extension 'screenshots@mozilla.org': Reading manifest: Invalid host permission: resource://pdf.js/
1545196590707	addons.webextension.screenshots@mozilla.org	WARN	Loading extension 'screenshots@mozilla.org': Reading manifest: Invalid host permission: about:reader*

(firefox:6827): LIBDBUSMENU-GLIB-WARNING **: 00:16:32.601: Unable to get session bus: Failed to execute child process ?dbus-launch? (No such file or directory)
1545196593842	Marionette	INFO	Listening on port 45396
1545196594093	Marionette	WARN	TLS certificate errors will be ignored for this session
console.error: BroadcastService: 
  receivedBroadcastMessage: handler for
  remote-settings/monitor_changes
  threw error:
  Message: Error: Polling for changes failed: NetworkError when attempting to fetch resource..
  Stack:
    remoteSettingsFunction/remoteSettings.pollChanges@resource://services-settings/remote-settings.js:750:13

1545196631699	Marionette	INFO	Stopped listening on port 45396
