2019/12/08 05:54:16 captchouli: ending tag=anastasia_(idolmaster) explicitness=[safe]
out >pool 110
2019/12/08 05:54:16 captchouli: ending tag=hibiki_(kantai_collection) explicitness=[safe]
out >pool 139
2019/12/08 05:54:16 captchouli: ending tag=shiro_(dennou_shoujo_youtuber_shiro) explicitness=[safe]
out >pool 61
2019/12/08 05:54:16 captchouli: ending tag=illyasviel_von_einzbern explicitness=[safe]
out >pool 101
2019/12/08 05:54:16 captchouli: initializing tag=usada_hikaru explicitness=[safe]
2019/12/08 05:54:34 captchouli: ending tag=usada_hikaru explicitness=[safe]
out >pool 44
2019/12/08 05:54:34 captchouli: initializing tag=touwa_erio explicitness=[safe]
2019/12/08 05:54:52 captchouli: ending tag=touwa_erio explicitness=[safe]
out >pool 41
2019/12/08 05:54:52 captchouli: ending tag=nepgear explicitness=[safe]
out >pool 66
2019/12/08 05:54:52 captchouli: ending tag=koshimizu_sachiko explicitness=[safe]
out >pool 80
2019/12/08 05:54:52 captchouli: ending tag=shirasaka_koume explicitness=[safe]
out >pool 52
2019/12/08 05:54:52 captchouli: ending tag=arcueid_brunestud explicitness=[safe]
out >pool 50
2019/12/08 05:54:52 captchouli: initializing tag=artoria_pendragon_(all) explicitness=[safe]
2019/12/08 05:55:10 captchouli: ending tag=artoria_pendragon_(all) explicitness=[safe]
out >pool 6
2019/12/08 05:55:10 captchouli: ending tag=hoshi_shouko explicitness=[safe]
out >pool 75
2019/12/08 05:55:10 captchouli: ending tag=konpaku_youmu explicitness=[safe]
out >pool 87
2019/12/08 05:55:10 captchouli: ending tag=izayoi_sakuya explicitness=[safe]
out >pool 153
2019/12/08 05:55:10 captchouli: initializing tag=suguri_(character) explicitness=[safe]
2019/12/08 05:55:17 captchouli: ending tag=suguri_(character) explicitness=[safe]
out >pool 0
2019/12/08 05:55:17 captchouli: ending tag=serval_(kemono_friends) explicitness=[safe]
out >pool 51
2019/12/08 05:55:17 captchouli: initializing tag=erica_hartmann explicitness=[safe]
2019/12/08 05:55:37 captchouli: ending tag=erica_hartmann explicitness=[safe]
out >pool 36
2019/12/08 05:55:37 captchouli: service started
